<?xml version="1.0" encoding="UTF-8"?>
<testsuite xmlns:xsi="http://www.w3.org/2001/XMLSchema-instance" xsi:noNamespaceSchemaLocation="https://maven.apache.org/surefire/maven-surefire-plugin/xsd/surefire-test-report.xsd" version="3.0.1" name="com.mycompany.app.TicTacToeTest" time="0.246" tests="10" errors="0" skipped="0" failures="0">
  <properties>
[...]
</properties>
  <testcase name="testMakeInvalidMoveOutOfRange" classname="com.mycompany.app.TicTacToeTest" time="0.005"/>
  <testcase name="testMakeValidMove" classname="com.mycompany.app.TicTacToeTest" time="0.0"/>
  <testcase name="testDraw" classname="com.mycompany.app.TicTacToeTest" time="0.0"/>
  <testcase name="testWinO" classname="com.mycompany.app.TicTacToeTest" time="0.0"/>
  <testcase name="testWinX" classname="com.mycompany.app.TicTacToeTest" time="0.0"/>
  <testcase name="testMakeMoveOnOccupiedCell" classname="com.mycompany.app.TicTacToeTest" time="0.0"/>
  <testcase name="testInitialBoardEmpty" classname="com.mycompany.app.TicTacToeTest" time="0.0"/>
  <testcase name="testMinimaxOnEmptyBoard" classname="com.mycompany.app.TicTacToeTest" time="0.066"/>
  <testcase name="testBestMoveReturnsValidIndex" classname="com.mycompany.app.TicTacToeTest" time="0.071"/>
  <testcase name="testBestMoveDoesNotModifyBoard" classname="com.mycompany.app.TicTacToeTest" time="0.037"/>
</testsuite>